mode: atomic
serverless-blog/go-functions/cmd/images/get_upload_url/main.go:43.64,45.2 1 0
serverless-blog/go-functions/cmd/images/get_upload_url/main.go:49.35,51.2 1 0
serverless-blog/go-functions/cmd/images/get_upload_url/main.go:54.114,57.18 2 18
serverless-blog/go-functions/cmd/images/get_upload_url/main.go:57.18,59.3 1 2
serverless-blog/go-functions/cmd/images/get_upload_url/main.go:62.2,63.67 2 16
serverless-blog/go-functions/cmd/images/get_upload_url/main.go:63.67,65.3 1 1
serverless-blog/go-functions/cmd/images/get_upload_url/main.go:68.2,68.39 1 15
serverless-blog/go-functions/cmd/images/get_upload_url/main.go:68.39,70.3 1 5
serverless-blog/go-functions/cmd/images/get_upload_url/main.go:73.2,74.22 2 10
serverless-blog/go-functions/cmd/images/get_upload_url/main.go:74.22,76.3 1 1
serverless-blog/go-functions/cmd/images/get_upload_url/main.go:79.2,83.16 3 9
serverless-blog/go-functions/cmd/images/get_upload_url/main.go:83.16,85.3 1 1
serverless-blog/go-functions/cmd/images/get_upload_url/main.go:88.2,97.99 3 8
serverless-blog/go-functions/cmd/images/get_upload_url/main.go:97.99,99.3 1 8
serverless-blog/go-functions/cmd/images/get_upload_url/main.go:100.2,100.16 1 8
serverless-blog/go-functions/cmd/images/get_upload_url/main.go:100.16,102.3 1 1
serverless-blog/go-functions/cmd/images/get_upload_url/main.go:105.2,114.47 3 7
serverless-blog/go-functions/cmd/images/get_upload_url/main.go:118.66,119.46 1 25
serverless-blog/go-functions/cmd/images/get_upload_url/main.go:119.46,121.3 1 2
serverless-blog/go-functions/cmd/images/get_upload_url/main.go:123.2,124.9 2 23
serverless-blog/go-functions/cmd/images/get_upload_url/main.go:124.9,126.3 1 3
serverless-blog/go-functions/cmd/images/get_upload_url/main.go:128.2,129.9 2 20
serverless-blog/go-functions/cmd/images/get_upload_url/main.go:129.9,131.3 1 1
serverless-blog/go-functions/cmd/images/get_upload_url/main.go:133.2,134.9 2 19
serverless-blog/go-functions/cmd/images/get_upload_url/main.go:134.9,136.3 1 1
serverless-blog/go-functions/cmd/images/get_upload_url/main.go:138.2,139.9 2 18
serverless-blog/go-functions/cmd/images/get_upload_url/main.go:139.9,141.3 1 1
serverless-blog/go-functions/cmd/images/get_upload_url/main.go:143.2,143.15 1 17
serverless-blog/go-functions/cmd/images/get_upload_url/main.go:150.52,154.15 2 12
serverless-blog/go-functions/cmd/images/get_upload_url/main.go:154.15,156.3 1 12
serverless-blog/go-functions/cmd/images/get_upload_url/main.go:159.2,161.55 2 12
serverless-blog/go-functions/cmd/images/get_upload_url/main.go:167.72,168.28 1 10
serverless-blog/go-functions/cmd/images/get_upload_url/main.go:168.28,170.3 1 3
serverless-blog/go-functions/cmd/images/get_upload_url/main.go:171.2,171.71 1 7
serverless-blog/go-functions/cmd/images/get_upload_url/main.go:175.92,177.2 1 11
serverless-blog/go-functions/cmd/images/get_upload_url/main.go:179.13,181.2 1 0
