mode: atomic
serverless-blog/go-functions/cmd/posts/create/main.go:37.66,39.2 1 0
serverless-blog/go-functions/cmd/posts/create/main.go:43.57,45.2 1 0
serverless-blog/go-functions/cmd/posts/create/main.go:49.35,51.2 1 0
serverless-blog/go-functions/cmd/posts/create/main.go:54.114,57.20 2 33
serverless-blog/go-functions/cmd/posts/create/main.go:57.20,59.3 1 6
serverless-blog/go-functions/cmd/posts/create/main.go:62.2,63.67 2 27
serverless-blog/go-functions/cmd/posts/create/main.go:63.67,65.3 1 2
serverless-blog/go-functions/cmd/posts/create/main.go:68.2,68.39 1 25
serverless-blog/go-functions/cmd/posts/create/main.go:68.39,70.3 1 9
serverless-blog/go-functions/cmd/posts/create/main.go:73.2,74.21 2 16
serverless-blog/go-functions/cmd/posts/create/main.go:74.21,76.3 1 1
serverless-blog/go-functions/cmd/posts/create/main.go:79.2,80.16 2 15
serverless-blog/go-functions/cmd/posts/create/main.go:80.16,82.3 1 1
serverless-blog/go-functions/cmd/posts/create/main.go:85.2,86.16 2 14
serverless-blog/go-functions/cmd/posts/create/main.go:86.16,88.3 1 1
serverless-blog/go-functions/cmd/posts/create/main.go:91.2,97.85 5 13
serverless-blog/go-functions/cmd/posts/create/main.go:97.85,100.3 2 1
serverless-blog/go-functions/cmd/posts/create/main.go:103.2,104.17 2 13
serverless-blog/go-functions/cmd/posts/create/main.go:104.17,106.3 1 8
serverless-blog/go-functions/cmd/posts/create/main.go:107.2,108.22 2 13
serverless-blog/go-functions/cmd/posts/create/main.go:108.22,110.3 1 10
serverless-blog/go-functions/cmd/posts/create/main.go:113.2,130.16 3 13
serverless-blog/go-functions/cmd/posts/create/main.go:130.16,132.3 1 0
serverless-blog/go-functions/cmd/posts/create/main.go:135.2,141.16 3 13
serverless-blog/go-functions/cmd/posts/create/main.go:141.16,143.3 1 1
serverless-blog/go-functions/cmd/posts/create/main.go:146.2,146.43 1 12
serverless-blog/go-functions/cmd/posts/create/main.go:150.68,151.46 1 33
serverless-blog/go-functions/cmd/posts/create/main.go:151.46,153.3 1 2
serverless-blog/go-functions/cmd/posts/create/main.go:155.2,156.9 2 31
serverless-blog/go-functions/cmd/posts/create/main.go:156.9,158.3 1 1
serverless-blog/go-functions/cmd/posts/create/main.go:160.2,161.9 2 30
serverless-blog/go-functions/cmd/posts/create/main.go:161.9,163.3 1 1
serverless-blog/go-functions/cmd/posts/create/main.go:165.2,166.9 2 29
serverless-blog/go-functions/cmd/posts/create/main.go:166.9,168.3 1 1
serverless-blog/go-functions/cmd/posts/create/main.go:170.2,171.9 2 28
serverless-blog/go-functions/cmd/posts/create/main.go:171.9,173.3 1 1
serverless-blog/go-functions/cmd/posts/create/main.go:175.2,175.15 1 27
serverless-blog/go-functions/cmd/posts/create/main.go:179.92,181.2 1 21
serverless-blog/go-functions/cmd/posts/create/main.go:183.13,185.2 1 0
