mode: set
serverless-blog/go-functions/internal/clients/clients.go:31.20,33.16 2 1
serverless-blog/go-functions/internal/clients/clients.go:33.16,36.3 2 0
serverless-blog/go-functions/internal/clients/clients.go:39.2,40.64 2 1
serverless-blog/go-functions/internal/clients/clients.go:40.64,41.61 1 1
serverless-blog/go-functions/internal/clients/clients.go:41.61,43.4 1 1
serverless-blog/go-functions/internal/clients/clients.go:45.2,49.58 3 1
serverless-blog/go-functions/internal/clients/clients.go:49.58,50.47 1 1
serverless-blog/go-functions/internal/clients/clients.go:50.47,53.4 2 1
serverless-blog/go-functions/internal/clients/clients.go:55.2,62.63 4 1
serverless-blog/go-functions/internal/clients/clients.go:62.63,63.78 1 1
serverless-blog/go-functions/internal/clients/clients.go:63.78,65.4 1 1
serverless-blog/go-functions/internal/clients/clients.go:67.2,67.76 1 1
serverless-blog/go-functions/internal/clients/clients.go:71.46,73.20 2 1
serverless-blog/go-functions/internal/clients/clients.go:73.20,75.3 1 1
serverless-blog/go-functions/internal/clients/clients.go:76.2,76.26 1 1
serverless-blog/go-functions/internal/clients/clients.go:80.34,82.20 2 1
serverless-blog/go-functions/internal/clients/clients.go:82.20,84.3 1 1
serverless-blog/go-functions/internal/clients/clients.go:85.2,85.22 1 1
serverless-blog/go-functions/internal/clients/clients.go:89.60,91.20 2 1
serverless-blog/go-functions/internal/clients/clients.go:91.20,93.3 1 1
serverless-blog/go-functions/internal/clients/clients.go:94.2,94.27 1 1
serverless-blog/go-functions/internal/clients/clients.go:98.52,100.20 2 1
serverless-blog/go-functions/internal/clients/clients.go:100.20,102.3 1 1
serverless-blog/go-functions/internal/clients/clients.go:103.2,103.27 1 1
serverless-blog/go-functions/internal/clients/clients.go:108.24,115.2 6 1
serverless-blog/go-functions/internal/clients/clients.go:119.40,120.17 1 1
serverless-blog/go-functions/internal/clients/clients.go:120.17,122.3 1 1
