mode: set
serverless-blog/go-functions/tests/parity/helpers.go:59.40,60.16 1 1
serverless-blog/go-functions/tests/parity/helpers.go:60.16,62.3 1 1
serverless-blog/go-functions/tests/parity/helpers.go:64.2,65.31 2 1
serverless-blog/go-functions/tests/parity/helpers.go:65.31,68.3 2 1
serverless-blog/go-functions/tests/parity/helpers.go:69.2,69.46 1 1
serverless-blog/go-functions/tests/parity/helpers.go:78.86,80.2 1 1
serverless-blog/go-functions/tests/parity/helpers.go:83.118,90.46 2 1
serverless-blog/go-functions/tests/parity/helpers.go:90.46,99.3 2 1
serverless-blog/go-functions/tests/parity/helpers.go:102.2,102.46 1 1
serverless-blog/go-functions/tests/parity/helpers.go:102.46,104.25 2 1
serverless-blog/go-functions/tests/parity/helpers.go:104.25,107.4 2 1
serverless-blog/go-functions/tests/parity/helpers.go:110.2,110.15 1 1
serverless-blog/go-functions/tests/parity/helpers.go:114.77,117.64 2 1
serverless-blog/go-functions/tests/parity/helpers.go:117.64,123.3 1 0
serverless-blog/go-functions/tests/parity/helpers.go:125.2,125.68 1 1
serverless-blog/go-functions/tests/parity/helpers.go:125.68,131.3 1 0
serverless-blog/go-functions/tests/parity/helpers.go:134.2,137.48 3 1
serverless-blog/go-functions/tests/parity/helpers.go:141.73,142.22 1 1
serverless-blog/go-functions/tests/parity/helpers.go:142.22,144.3 1 1
serverless-blog/go-functions/tests/parity/helpers.go:146.2,147.27 2 1
serverless-blog/go-functions/tests/parity/helpers.go:147.27,149.3 1 1
serverless-blog/go-functions/tests/parity/helpers.go:151.2,151.46 1 1
serverless-blog/go-functions/tests/parity/helpers.go:155.82,156.26 1 1
serverless-blog/go-functions/tests/parity/helpers.go:157.30,159.27 2 1
serverless-blog/go-functions/tests/parity/helpers.go:159.27,160.20 1 1
serverless-blog/go-functions/tests/parity/helpers.go:160.20,162.5 1 1
serverless-blog/go-functions/tests/parity/helpers.go:164.3,164.16 1 1
serverless-blog/go-functions/tests/parity/helpers.go:165.21,167.26 2 1
serverless-blog/go-functions/tests/parity/helpers.go:167.26,169.4 1 1
serverless-blog/go-functions/tests/parity/helpers.go:170.3,170.16 1 1
serverless-blog/go-functions/tests/parity/helpers.go:171.10,172.14 1 1
serverless-blog/go-functions/tests/parity/helpers.go:177.70,181.70 2 1
serverless-blog/go-functions/tests/parity/helpers.go:181.70,183.3 1 1
serverless-blog/go-functions/tests/parity/helpers.go:186.2,189.32 3 1
serverless-blog/go-functions/tests/parity/helpers.go:189.32,191.39 1 1
serverless-blog/go-functions/tests/parity/helpers.go:191.39,199.4 1 0
serverless-blog/go-functions/tests/parity/helpers.go:200.3,200.39 1 1
serverless-blog/go-functions/tests/parity/helpers.go:200.39,208.4 1 0
serverless-blog/go-functions/tests/parity/helpers.go:210.3,216.5 1 1
serverless-blog/go-functions/tests/parity/helpers.go:219.2,219.36 1 1
serverless-blog/go-functions/tests/parity/helpers.go:220.30,222.70 2 1
serverless-blog/go-functions/tests/parity/helpers.go:223.21,225.72 2 1
serverless-blog/go-functions/tests/parity/helpers.go:226.10,226.10 0 1
serverless-blog/go-functions/tests/parity/helpers.go:231.2,231.14 1 1
serverless-blog/go-functions/tests/parity/helpers.go:235.58,236.17 1 1
serverless-blog/go-functions/tests/parity/helpers.go:236.17,238.3 1 0
serverless-blog/go-functions/tests/parity/helpers.go:239.2,240.9 2 1
serverless-blog/go-functions/tests/parity/helpers.go:240.9,242.3 1 1
serverless-blog/go-functions/tests/parity/helpers.go:243.2,244.34 2 1
serverless-blog/go-functions/tests/parity/helpers.go:248.77,257.30 6 1
serverless-blog/go-functions/tests/parity/helpers.go:257.30,265.3 1 1
serverless-blog/go-functions/tests/parity/helpers.go:267.2,267.14 1 1
serverless-blog/go-functions/tests/parity/helpers.go:271.79,275.28 2 1
serverless-blog/go-functions/tests/parity/helpers.go:275.28,276.32 1 1
serverless-blog/go-functions/tests/parity/helpers.go:276.32,284.4 1 1
serverless-blog/go-functions/tests/parity/helpers.go:288.2,288.26 1 1
serverless-blog/go-functions/tests/parity/helpers.go:288.26,289.34 1 1
serverless-blog/go-functions/tests/parity/helpers.go:289.34,297.4 1 1
serverless-blog/go-functions/tests/parity/helpers.go:301.2,301.28 1 1
serverless-blog/go-functions/tests/parity/helpers.go:301.28,302.39 1 1
serverless-blog/go-functions/tests/parity/helpers.go:302.39,305.4 2 1
serverless-blog/go-functions/tests/parity/helpers.go:308.2,308.14 1 1
serverless-blog/go-functions/tests/parity/helpers.go:312.72,315.34 2 1
serverless-blog/go-functions/tests/parity/helpers.go:315.34,323.3 1 1
serverless-blog/go-functions/tests/parity/helpers.go:326.2,327.28 2 1
serverless-blog/go-functions/tests/parity/helpers.go:327.28,329.3 1 0
serverless-blog/go-functions/tests/parity/helpers.go:331.2,331.30 1 1
serverless-blog/go-functions/tests/parity/helpers.go:331.30,334.3 2 1
serverless-blog/go-functions/tests/parity/helpers.go:336.2,336.14 1 1
serverless-blog/go-functions/tests/parity/helpers.go:340.35,343.24 3 1
serverless-blog/go-functions/tests/parity/helpers.go:343.24,345.3 1 0
serverless-blog/go-functions/tests/parity/helpers.go:346.2,346.46 1 1
serverless-blog/go-functions/tests/parity/helpers.go:346.46,349.3 2 1
serverless-blog/go-functions/tests/parity/helpers.go:350.2,350.20 1 1
serverless-blog/go-functions/tests/parity/helpers.go:354.59,357.72 2 1
serverless-blog/go-functions/tests/parity/helpers.go:357.72,363.3 1 0
serverless-blog/go-functions/tests/parity/helpers.go:365.2,365.68 1 1
serverless-blog/go-functions/tests/parity/helpers.go:365.68,371.3 1 0
serverless-blog/go-functions/tests/parity/helpers.go:373.2,373.52 1 1
serverless-blog/go-functions/tests/parity/helpers.go:377.52,379.63 2 1
serverless-blog/go-functions/tests/parity/helpers.go:379.63,381.3 1 1
serverless-blog/go-functions/tests/parity/helpers.go:383.2,385.16 3 1
serverless-blog/go-functions/tests/parity/helpers.go:385.16,387.3 1 0
serverless-blog/go-functions/tests/parity/helpers.go:389.2,389.28 1 1
serverless-blog/go-functions/tests/parity/helpers.go:393.51,394.26 1 1
serverless-blog/go-functions/tests/parity/helpers.go:395.30,398.20 2 1
serverless-blog/go-functions/tests/parity/helpers.go:398.20,400.4 1 1
serverless-blog/go-functions/tests/parity/helpers.go:401.3,404.26 3 1
serverless-blog/go-functions/tests/parity/helpers.go:404.26,406.4 1 1
serverless-blog/go-functions/tests/parity/helpers.go:407.3,407.16 1 1
serverless-blog/go-functions/tests/parity/helpers.go:408.21,410.26 2 1
serverless-blog/go-functions/tests/parity/helpers.go:410.26,412.4 1 1
serverless-blog/go-functions/tests/parity/helpers.go:413.3,413.16 1 1
serverless-blog/go-functions/tests/parity/helpers.go:414.10,415.11 1 1
