mode: set
serverless-blog/go-functions/cmd/auth/login/main.go:35.105,37.2 1 1
serverless-blog/go-functions/cmd/auth/login/main.go:40.114,42.24 1 1
serverless-blog/go-functions/cmd/auth/login/main.go:42.24,44.3 1 1
serverless-blog/go-functions/cmd/auth/login/main.go:47.2,48.72 2 1
serverless-blog/go-functions/cmd/auth/login/main.go:48.72,50.3 1 1
serverless-blog/go-functions/cmd/auth/login/main.go:53.2,53.44 1 1
serverless-blog/go-functions/cmd/auth/login/main.go:53.44,55.3 1 1
serverless-blog/go-functions/cmd/auth/login/main.go:58.2,59.20 2 1
serverless-blog/go-functions/cmd/auth/login/main.go:59.20,61.3 1 1
serverless-blog/go-functions/cmd/auth/login/main.go:64.2,65.16 2 1
serverless-blog/go-functions/cmd/auth/login/main.go:65.16,67.3 1 1
serverless-blog/go-functions/cmd/auth/login/main.go:70.2,80.16 3 1
serverless-blog/go-functions/cmd/auth/login/main.go:80.16,82.3 1 1
serverless-blog/go-functions/cmd/auth/login/main.go:85.2,85.44 1 1
serverless-blog/go-functions/cmd/auth/login/main.go:85.44,87.3 1 1
serverless-blog/go-functions/cmd/auth/login/main.go:90.2,97.57 2 1
serverless-blog/go-functions/cmd/auth/login/main.go:97.57,99.3 1 1
serverless-blog/go-functions/cmd/auth/login/main.go:101.2,101.48 1 1
serverless-blog/go-functions/cmd/auth/login/main.go:105.92,107.2 1 1
serverless-blog/go-functions/cmd/auth/login/main.go:110.76,113.33 2 1
serverless-blog/go-functions/cmd/auth/login/main.go:113.33,115.3 1 1
serverless-blog/go-functions/cmd/auth/login/main.go:117.2,118.38 2 1
serverless-blog/go-functions/cmd/auth/login/main.go:118.38,120.3 1 1
serverless-blog/go-functions/cmd/auth/login/main.go:122.2,123.42 2 1
serverless-blog/go-functions/cmd/auth/login/main.go:123.42,125.3 1 1
serverless-blog/go-functions/cmd/auth/login/main.go:128.2,128.52 1 1
serverless-blog/go-functions/cmd/auth/login/main.go:131.13,133.2 1 0
