mode: set
serverless-blog/go-functions/cmd/images/delete/main.go:37.56,39.2 1 0
serverless-blog/go-functions/cmd/images/delete/main.go:43.35,45.2 1 0
serverless-blog/go-functions/cmd/images/delete/main.go:48.114,51.18 2 1
serverless-blog/go-functions/cmd/images/delete/main.go:51.18,53.3 1 1
serverless-blog/go-functions/cmd/images/delete/main.go:56.2,57.15 2 1
serverless-blog/go-functions/cmd/images/delete/main.go:57.15,59.3 1 1
serverless-blog/go-functions/cmd/images/delete/main.go:62.2,63.16 2 1
serverless-blog/go-functions/cmd/images/delete/main.go:63.16,65.3 1 1
serverless-blog/go-functions/cmd/images/delete/main.go:68.2,68.33 1 1
serverless-blog/go-functions/cmd/images/delete/main.go:68.33,70.3 1 1
serverless-blog/go-functions/cmd/images/delete/main.go:73.2,73.40 1 1
serverless-blog/go-functions/cmd/images/delete/main.go:73.40,75.3 1 1
serverless-blog/go-functions/cmd/images/delete/main.go:78.2,79.22 2 1
serverless-blog/go-functions/cmd/images/delete/main.go:79.22,81.3 1 1
serverless-blog/go-functions/cmd/images/delete/main.go:84.2,85.16 2 1
serverless-blog/go-functions/cmd/images/delete/main.go:85.16,87.3 1 1
serverless-blog/go-functions/cmd/images/delete/main.go:90.2,94.16 2 1
serverless-blog/go-functions/cmd/images/delete/main.go:94.16,96.3 1 1
serverless-blog/go-functions/cmd/images/delete/main.go:99.2,99.28 1 1
serverless-blog/go-functions/cmd/images/delete/main.go:103.66,104.46 1 1
serverless-blog/go-functions/cmd/images/delete/main.go:104.46,106.3 1 1
serverless-blog/go-functions/cmd/images/delete/main.go:108.2,109.9 2 1
serverless-blog/go-functions/cmd/images/delete/main.go:109.9,111.3 1 1
serverless-blog/go-functions/cmd/images/delete/main.go:113.2,114.9 2 1
serverless-blog/go-functions/cmd/images/delete/main.go:114.9,116.3 1 1
serverless-blog/go-functions/cmd/images/delete/main.go:118.2,119.9 2 1
serverless-blog/go-functions/cmd/images/delete/main.go:119.9,121.3 1 1
serverless-blog/go-functions/cmd/images/delete/main.go:123.2,124.9 2 1
serverless-blog/go-functions/cmd/images/delete/main.go:124.9,126.3 1 1
serverless-blog/go-functions/cmd/images/delete/main.go:128.2,128.15 1 1
serverless-blog/go-functions/cmd/images/delete/main.go:132.39,134.2 1 1
serverless-blog/go-functions/cmd/images/delete/main.go:137.45,139.2 1 1
serverless-blog/go-functions/cmd/images/delete/main.go:142.92,144.2 1 1
serverless-blog/go-functions/cmd/images/delete/main.go:147.66,153.2 1 1
serverless-blog/go-functions/cmd/images/delete/main.go:155.13,157.2 1 0
