mode: atomic
serverless-blog/go-functions/internal/domain/types.go:61.46,62.19 1 5
serverless-blog/go-functions/internal/domain/types.go:62.19,64.3 1 1
serverless-blog/go-functions/internal/domain/types.go:65.2,65.29 1 4
serverless-blog/go-functions/internal/domain/types.go:65.29,67.3 1 1
serverless-blog/go-functions/internal/domain/types.go:68.2,68.22 1 3
serverless-blog/go-functions/internal/domain/types.go:68.22,70.3 1 1
serverless-blog/go-functions/internal/domain/types.go:71.2,71.12 1 2
serverless-blog/go-functions/internal/domain/types.go:110.41,111.19 1 3
serverless-blog/go-functions/internal/domain/types.go:111.19,113.3 1 1
serverless-blog/go-functions/internal/domain/types.go:114.2,114.22 1 2
serverless-blog/go-functions/internal/domain/types.go:114.22,116.3 1 1
serverless-blog/go-functions/internal/domain/types.go:117.2,117.12 1 1
serverless-blog/go-functions/internal/domain/types.go:126.42,127.25 1 2
serverless-blog/go-functions/internal/domain/types.go:127.25,129.3 1 1
serverless-blog/go-functions/internal/domain/types.go:130.2,130.12 1 1
serverless-blog/go-functions/internal/domain/types.go:139.43,140.26 1 2
serverless-blog/go-functions/internal/domain/types.go:140.26,142.3 1 1
serverless-blog/go-functions/internal/domain/types.go:143.2,143.12 1 1
serverless-blog/go-functions/internal/domain/types.go:153.48,154.22 1 5
serverless-blog/go-functions/internal/domain/types.go:154.22,156.3 1 1
serverless-blog/go-functions/internal/domain/types.go:157.2,157.25 1 4
serverless-blog/go-functions/internal/domain/types.go:157.25,159.3 1 1
serverless-blog/go-functions/internal/domain/types.go:162.2,163.30 2 3
serverless-blog/go-functions/internal/domain/types.go:163.30,165.3 1 1
serverless-blog/go-functions/internal/domain/types.go:168.2,168.42 1 2
serverless-blog/go-functions/internal/domain/types.go:168.42,170.3 1 1
serverless-blog/go-functions/internal/domain/types.go:172.2,172.12 1 1
serverless-blog/go-functions/internal/domain/types.go:183.42,185.2 1 12
serverless-blog/go-functions/internal/domain/types.go:188.52,190.2 1 9
serverless-blog/go-functions/internal/middleware/logging.go:62.50,64.2 1 1
serverless-blog/go-functions/internal/middleware/logging.go:67.73,69.2 1 15
serverless-blog/go-functions/internal/middleware/logging.go:72.99,80.61 5 19
serverless-blog/go-functions/internal/middleware/logging.go:80.61,82.31 1 118
serverless-blog/go-functions/internal/middleware/logging.go:82.31,84.5 1 4
serverless-blog/go-functions/internal/middleware/logging.go:85.4,85.12 1 114
serverless-blog/go-functions/internal/middleware/logging.go:89.2,96.36 3 19
serverless-blog/go-functions/internal/middleware/logging.go:100.103,108.61 5 2
serverless-blog/go-functions/internal/middleware/logging.go:108.61,109.31 1 15
serverless-blog/go-functions/internal/middleware/logging.go:109.31,111.5 1 1
serverless-blog/go-functions/internal/middleware/logging.go:112.4,112.12 1 14
serverless-blog/go-functions/internal/middleware/logging.go:116.2,124.36 3 2
serverless-blog/go-functions/internal/middleware/logging.go:128.55,130.2 1 1
serverless-blog/go-functions/internal/middleware/logging.go:133.78,137.50 2 3
serverless-blog/go-functions/internal/middleware/logging.go:137.50,139.3 1 1
serverless-blog/go-functions/internal/middleware/logging.go:142.2,144.51 2 3
serverless-blog/go-functions/internal/middleware/logging.go:148.52,150.2 1 15
serverless-blog/go-functions/internal/middleware/logging.go:153.53,155.2 1 2
serverless-blog/go-functions/internal/middleware/logging.go:158.52,160.2 1 1
serverless-blog/go-functions/internal/middleware/logging.go:163.53,165.2 1 1
serverless-blog/go-functions/internal/middleware/logging.go:168.47,170.2 1 1
serverless-blog/go-functions/internal/middleware/logging.go:173.40,176.2 2 144
serverless-blog/go-functions/internal/middleware/logging.go:179.44,180.20 1 20
serverless-blog/go-functions/internal/middleware/logging.go:180.20,182.3 1 12
serverless-blog/go-functions/internal/middleware/logging.go:184.2,188.40 3 8
serverless-blog/go-functions/internal/middleware/logging.go:188.40,189.40 1 11
serverless-blog/go-functions/internal/middleware/logging.go:189.40,190.29 1 11
serverless-blog/go-functions/internal/middleware/logging.go:190.29,192.5 1 5
serverless-blog/go-functions/internal/middleware/logging.go:196.2,196.15 1 8
serverless-blog/go-functions/internal/middleware/logging.go:200.28,204.2 3 4
serverless-blog/go-functions/internal/middleware/metrics.go:58.37,60.2 1 141
serverless-blog/go-functions/internal/middleware/metrics.go:101.57,103.2 1 3
serverless-blog/go-functions/internal/middleware/metrics.go:106.80,107.21 1 16
serverless-blog/go-functions/internal/middleware/metrics.go:107.21,109.3 1 1
serverless-blog/go-functions/internal/middleware/metrics.go:110.2,110.23 1 16
serverless-blog/go-functions/internal/middleware/metrics.go:110.23,112.3 1 1
serverless-blog/go-functions/internal/middleware/metrics.go:114.2,126.10 3 16
serverless-blog/go-functions/internal/middleware/metrics.go:130.38,132.2 1 3
serverless-blog/go-functions/internal/middleware/metrics.go:135.40,137.2 1 3
serverless-blog/go-functions/internal/middleware/metrics.go:140.51,144.2 3 4
serverless-blog/go-functions/internal/middleware/metrics.go:147.74,152.43 3 114
serverless-blog/go-functions/internal/middleware/metrics.go:152.43,154.3 1 114
serverless-blog/go-functions/internal/middleware/metrics.go:157.2,157.40 1 114
serverless-blog/go-functions/internal/middleware/metrics.go:157.40,159.3 1 0
serverless-blog/go-functions/internal/middleware/metrics.go:161.2,164.3 1 114
serverless-blog/go-functions/internal/middleware/metrics.go:168.27,173.25 3 14
serverless-blog/go-functions/internal/middleware/metrics.go:173.25,175.3 1 1
serverless-blog/go-functions/internal/middleware/metrics.go:178.2,182.16 3 13
serverless-blog/go-functions/internal/middleware/metrics.go:182.16,185.3 1 0
serverless-blog/go-functions/internal/middleware/metrics.go:190.2,194.35 3 13
serverless-blog/go-functions/internal/middleware/metrics.go:198.61,201.32 2 13
serverless-blog/go-functions/internal/middleware/metrics.go:201.32,203.3 1 17
serverless-blog/go-functions/internal/middleware/metrics.go:206.2,207.37 2 13
serverless-blog/go-functions/internal/middleware/metrics.go:207.37,213.3 2 114
serverless-blog/go-functions/internal/middleware/metrics.go:216.2,230.39 2 13
serverless-blog/go-functions/internal/middleware/metrics.go:230.39,232.3 1 17
serverless-blog/go-functions/internal/middleware/metrics.go:235.2,235.37 1 13
serverless-blog/go-functions/internal/middleware/metrics.go:235.37,237.3 1 114
serverless-blog/go-functions/internal/middleware/metrics.go:239.2,239.12 1 13
serverless-blog/go-functions/internal/middleware/metrics.go:243.73,245.2 1 0
serverless-blog/go-functions/internal/middleware/metrics.go:248.96,252.2 3 1
serverless-blog/go-functions/internal/middleware/middleware.go:11.38,18.2 1 0
serverless-blog/go-functions/internal/middleware/middleware.go:21.93,23.16 2 0
serverless-blog/go-functions/internal/middleware/middleware.go:23.16,29.3 1 0
serverless-blog/go-functions/internal/middleware/middleware.go:31.2,35.8 1 0
serverless-blog/go-functions/internal/middleware/middleware.go:39.92,41.2 1 0
serverless-blog/go-functions/internal/middleware/tracing.go:91.43,92.23 1 4
serverless-blog/go-functions/internal/middleware/tracing.go:92.23,94.3 1 2
serverless-blog/go-functions/internal/middleware/tracing.go:98.2,103.3 2 4
serverless-blog/go-functions/internal/middleware/tracing.go:107.74,108.23 1 25
serverless-blog/go-functions/internal/middleware/tracing.go:108.23,110.3 1 1
serverless-blog/go-functions/internal/middleware/tracing.go:112.2,115.3 1 25
serverless-blog/go-functions/internal/middleware/tracing.go:119.39,123.2 3 2
serverless-blog/go-functions/internal/middleware/tracing.go:126.43,128.2 1 3
serverless-blog/go-functions/internal/middleware/tracing.go:131.99,132.16 1 17
serverless-blog/go-functions/internal/middleware/tracing.go:132.16,134.3 1 5
serverless-blog/go-functions/internal/middleware/tracing.go:138.2,142.17 2 12
serverless-blog/go-functions/internal/middleware/tracing.go:146.49,147.16 1 2
serverless-blog/go-functions/internal/middleware/tracing.go:147.16,149.3 1 1
serverless-blog/go-functions/internal/middleware/tracing.go:150.2,150.16 1 1
serverless-blog/go-functions/internal/middleware/tracing.go:154.68,155.16 1 2
serverless-blog/go-functions/internal/middleware/tracing.go:155.16,157.3 1 1
serverless-blog/go-functions/internal/middleware/tracing.go:163.78,164.16 1 7
serverless-blog/go-functions/internal/middleware/tracing.go:164.16,166.3 1 1
serverless-blog/go-functions/internal/middleware/tracing.go:172.82,173.16 1 5
serverless-blog/go-functions/internal/middleware/tracing.go:173.16,175.3 1 0
serverless-blog/go-functions/internal/middleware/tracing.go:178.2,178.49 1 5
serverless-blog/go-functions/internal/middleware/tracing.go:178.49,182.3 3 2
serverless-blog/go-functions/internal/middleware/tracing.go:184.2,184.32 1 3
serverless-blog/go-functions/internal/middleware/tracing.go:188.55,189.30 1 3
serverless-blog/go-functions/internal/middleware/tracing.go:189.30,191.3 1 2
serverless-blog/go-functions/internal/middleware/tracing.go:193.2,193.16 1 1
serverless-blog/go-functions/internal/middleware/tracing.go:197.61,200.19 2 3
serverless-blog/go-functions/internal/middleware/tracing.go:200.19,203.30 2 2
serverless-blog/go-functions/internal/middleware/tracing.go:203.30,204.40 1 3
serverless-blog/go-functions/internal/middleware/tracing.go:204.40,206.5 1 1
serverless-blog/go-functions/internal/middleware/tracing.go:209.2,209.11 1 2
serverless-blog/go-functions/internal/middleware/tracing.go:213.73,214.16 1 2
serverless-blog/go-functions/internal/middleware/tracing.go:214.16,217.3 1 1
serverless-blog/go-functions/internal/middleware/tracing.go:223.2,223.15 1 1
serverless-blog/go-functions/internal/middleware/tracing.go:227.37,229.2 1 2
serverless-blog/go-functions/internal/middleware/tracing.go:232.41,235.2 0 4
serverless-blog/go-functions/internal/middleware/tracing.go:238.78,240.31 2 2
serverless-blog/go-functions/internal/middleware/tracing.go:240.31,242.41 2 13
serverless-blog/go-functions/internal/middleware/tracing.go:242.41,244.4 1 11
serverless-blog/go-functions/internal/middleware/tracing.go:244.9,246.4 1 2
serverless-blog/go-functions/internal/middleware/tracing.go:248.2,248.15 1 2
serverless-blog/go-functions/internal/apierrors/errors.go:16.35,17.18 1 2
serverless-blog/go-functions/internal/apierrors/errors.go:17.18,19.3 1 1
serverless-blog/go-functions/internal/apierrors/errors.go:20.2,20.18 1 1
serverless-blog/go-functions/internal/apierrors/errors.go:24.52,29.2 1 5
serverless-blog/go-functions/internal/apierrors/errors.go:32.64,38.2 1 1
serverless-blog/go-functions/internal/apierrors/errors.go:55.42,57.2 1 3
serverless-blog/go-functions/internal/apierrors/errors.go:60.65,65.2 1 1
serverless-blog/go-functions/internal/apierrors/errors.go:73.40,75.2 1 3
serverless-blog/go-functions/internal/apierrors/errors.go:78.59,83.2 1 1
serverless-blog/go-functions/internal/apierrors/errors.go:90.45,92.2 1 3
serverless-blog/go-functions/internal/apierrors/errors.go:95.64,99.2 1 1
serverless-blog/go-functions/internal/apierrors/errors.go:108.36,109.16 1 6
serverless-blog/go-functions/internal/apierrors/errors.go:109.16,111.3 1 1
serverless-blog/go-functions/internal/apierrors/errors.go:113.2,114.36 2 5
serverless-blog/go-functions/internal/apierrors/errors.go:114.36,116.3 1 1
serverless-blog/go-functions/internal/apierrors/errors.go:118.2,119.34 2 4
serverless-blog/go-functions/internal/apierrors/errors.go:119.34,121.3 1 1
serverless-blog/go-functions/internal/apierrors/errors.go:123.2,124.30 2 3
serverless-blog/go-functions/internal/apierrors/errors.go:124.30,126.3 1 1
serverless-blog/go-functions/internal/apierrors/errors.go:128.2,129.29 2 2
serverless-blog/go-functions/internal/apierrors/errors.go:129.29,131.3 1 1
serverless-blog/go-functions/internal/apierrors/errors.go:133.2,133.12 1 1
serverless-blog/go-functions/internal/apierrors/errors.go:137.40,140.2 2 4
serverless-blog/go-functions/internal/apierrors/errors.go:143.38,146.2 2 4
serverless-blog/go-functions/internal/apierrors/errors.go:149.43,152.2 2 4
serverless-blog/go-functions/internal/markdown/markdown.go:34.53,35.20 1 43
serverless-blog/go-functions/internal/markdown/markdown.go:35.20,37.3 1 1
serverless-blog/go-functions/internal/markdown/markdown.go:40.2,41.59 2 42
serverless-blog/go-functions/internal/markdown/markdown.go:41.59,43.3 1 0
serverless-blog/go-functions/internal/markdown/markdown.go:46.2,48.23 2 42
serverless-blog/go-functions/internal/markdown/markdown.go:53.60,54.32 1 5
serverless-blog/go-functions/internal/markdown/markdown.go:54.32,56.3 1 3
serverless-blog/go-functions/internal/markdown/markdown.go:57.2,57.37 1 2
serverless-blog/go-functions/cmd/auth/logout/main.go:31.66,33.2 1 1
serverless-blog/go-functions/cmd/auth/logout/main.go:36.114,38.24 1 10
serverless-blog/go-functions/cmd/auth/logout/main.go:38.24,40.3 1 2
serverless-blog/go-functions/cmd/auth/logout/main.go:43.2,44.73 2 8
serverless-blog/go-functions/cmd/auth/logout/main.go:44.73,46.3 1 1
serverless-blog/go-functions/cmd/auth/logout/main.go:49.2,49.45 1 7
serverless-blog/go-functions/cmd/auth/logout/main.go:49.45,51.3 1 2
serverless-blog/go-functions/cmd/auth/logout/main.go:54.2,55.16 2 5
serverless-blog/go-functions/cmd/auth/logout/main.go:55.16,57.3 1 1
serverless-blog/go-functions/cmd/auth/logout/main.go:60.2,65.16 3 4
serverless-blog/go-functions/cmd/auth/logout/main.go:65.16,67.3 1 3
serverless-blog/go-functions/cmd/auth/logout/main.go:70.2,72.4 1 1
serverless-blog/go-functions/cmd/auth/logout/main.go:76.92,78.2 1 9
serverless-blog/go-functions/cmd/auth/logout/main.go:81.76,84.33 2 3
serverless-blog/go-functions/cmd/auth/logout/main.go:84.33,86.3 1 2
serverless-blog/go-functions/cmd/auth/logout/main.go:89.2,89.44 1 1
serverless-blog/go-functions/cmd/auth/logout/main.go:92.13,94.2 1 0
serverless-blog/go-functions/cmd/images/get_upload_url/main.go:43.64,45.2 1 0
serverless-blog/go-functions/cmd/images/get_upload_url/main.go:49.35,51.2 1 0
serverless-blog/go-functions/cmd/images/get_upload_url/main.go:54.114,57.18 2 18
serverless-blog/go-functions/cmd/images/get_upload_url/main.go:57.18,59.3 1 2
serverless-blog/go-functions/cmd/images/get_upload_url/main.go:62.2,63.67 2 16
serverless-blog/go-functions/cmd/images/get_upload_url/main.go:63.67,65.3 1 1
serverless-blog/go-functions/cmd/images/get_upload_url/main.go:68.2,68.39 1 15
serverless-blog/go-functions/cmd/images/get_upload_url/main.go:68.39,70.3 1 5
serverless-blog/go-functions/cmd/images/get_upload_url/main.go:73.2,74.22 2 10
serverless-blog/go-functions/cmd/images/get_upload_url/main.go:74.22,76.3 1 1
serverless-blog/go-functions/cmd/images/get_upload_url/main.go:79.2,83.16 3 9
serverless-blog/go-functions/cmd/images/get_upload_url/main.go:83.16,85.3 1 1
serverless-blog/go-functions/cmd/images/get_upload_url/main.go:88.2,97.99 3 8
serverless-blog/go-functions/cmd/images/get_upload_url/main.go:97.99,99.3 1 8
serverless-blog/go-functions/cmd/images/get_upload_url/main.go:100.2,100.16 1 8
serverless-blog/go-functions/cmd/images/get_upload_url/main.go:100.16,102.3 1 1
serverless-blog/go-functions/cmd/images/get_upload_url/main.go:105.2,114.47 3 7
serverless-blog/go-functions/cmd/images/get_upload_url/main.go:118.66,119.46 1 25
serverless-blog/go-functions/cmd/images/get_upload_url/main.go:119.46,121.3 1 2
serverless-blog/go-functions/cmd/images/get_upload_url/main.go:123.2,124.9 2 23
serverless-blog/go-functions/cmd/images/get_upload_url/main.go:124.9,126.3 1 3
serverless-blog/go-functions/cmd/images/get_upload_url/main.go:128.2,129.9 2 20
serverless-blog/go-functions/cmd/images/get_upload_url/main.go:129.9,131.3 1 1
serverless-blog/go-functions/cmd/images/get_upload_url/main.go:133.2,134.9 2 19
serverless-blog/go-functions/cmd/images/get_upload_url/main.go:134.9,136.3 1 1
serverless-blog/go-functions/cmd/images/get_upload_url/main.go:138.2,139.9 2 18
serverless-blog/go-functions/cmd/images/get_upload_url/main.go:139.9,141.3 1 1
serverless-blog/go-functions/cmd/images/get_upload_url/main.go:143.2,143.15 1 17
serverless-blog/go-functions/cmd/images/get_upload_url/main.go:150.52,154.15 2 12
serverless-blog/go-functions/cmd/images/get_upload_url/main.go:154.15,156.3 1 12
serverless-blog/go-functions/cmd/images/get_upload_url/main.go:159.2,161.55 2 12
serverless-blog/go-functions/cmd/images/get_upload_url/main.go:167.72,168.28 1 10
serverless-blog/go-functions/cmd/images/get_upload_url/main.go:168.28,170.3 1 3
serverless-blog/go-functions/cmd/images/get_upload_url/main.go:171.2,171.71 1 7
serverless-blog/go-functions/cmd/images/get_upload_url/main.go:175.92,177.2 1 11
serverless-blog/go-functions/cmd/images/get_upload_url/main.go:179.13,181.2 1 0
serverless-blog/go-functions/cmd/auth/login/main.go:35.66,37.2 1 1
serverless-blog/go-functions/cmd/auth/login/main.go:40.114,42.24 1 17
serverless-blog/go-functions/cmd/auth/login/main.go:42.24,44.3 1 2
serverless-blog/go-functions/cmd/auth/login/main.go:47.2,48.72 2 15
serverless-blog/go-functions/cmd/auth/login/main.go:48.72,50.3 1 1
serverless-blog/go-functions/cmd/auth/login/main.go:53.2,53.44 1 14
serverless-blog/go-functions/cmd/auth/login/main.go:53.44,55.3 1 4
serverless-blog/go-functions/cmd/auth/login/main.go:58.2,59.20 2 10
serverless-blog/go-functions/cmd/auth/login/main.go:59.20,61.3 1 1
serverless-blog/go-functions/cmd/auth/login/main.go:64.2,65.16 2 9
serverless-blog/go-functions/cmd/auth/login/main.go:65.16,67.3 1 1
serverless-blog/go-functions/cmd/auth/login/main.go:70.2,80.16 3 8
serverless-blog/go-functions/cmd/auth/login/main.go:80.16,82.3 1 5
serverless-blog/go-functions/cmd/auth/login/main.go:85.2,85.44 1 3
serverless-blog/go-functions/cmd/auth/login/main.go:85.44,87.3 1 1
serverless-blog/go-functions/cmd/auth/login/main.go:90.2,97.57 2 2
serverless-blog/go-functions/cmd/auth/login/main.go:97.57,99.3 1 1
serverless-blog/go-functions/cmd/auth/login/main.go:101.2,101.48 1 2
serverless-blog/go-functions/cmd/auth/login/main.go:105.92,107.2 1 15
serverless-blog/go-functions/cmd/auth/login/main.go:110.76,113.33 2 5
serverless-blog/go-functions/cmd/auth/login/main.go:113.33,115.3 1 1
serverless-blog/go-functions/cmd/auth/login/main.go:117.2,118.38 2 4
serverless-blog/go-functions/cmd/auth/login/main.go:118.38,120.3 1 1
serverless-blog/go-functions/cmd/auth/login/main.go:122.2,123.42 2 3
serverless-blog/go-functions/cmd/auth/login/main.go:123.42,125.3 1 1
serverless-blog/go-functions/cmd/auth/login/main.go:128.2,128.52 1 2
serverless-blog/go-functions/cmd/auth/login/main.go:131.13,133.2 1 0
serverless-blog/go-functions/cmd/posts/get/main.go:31.66,33.2 1 0
serverless-blog/go-functions/cmd/posts/get/main.go:36.114,39.18 2 35
serverless-blog/go-functions/cmd/posts/get/main.go:39.18,41.3 1 13
serverless-blog/go-functions/cmd/posts/get/main.go:44.2,45.18 2 22
serverless-blog/go-functions/cmd/posts/get/main.go:45.18,47.3 1 6
serverless-blog/go-functions/cmd/posts/get/main.go:50.2,51.21 2 16
serverless-blog/go-functions/cmd/posts/get/main.go:51.21,53.3 1 1
serverless-blog/go-functions/cmd/posts/get/main.go:56.2,57.16 2 15
serverless-blog/go-functions/cmd/posts/get/main.go:57.16,59.3 1 1
serverless-blog/go-functions/cmd/posts/get/main.go:62.2,70.16 3 14
serverless-blog/go-functions/cmd/posts/get/main.go:70.16,72.3 1 2
serverless-blog/go-functions/cmd/posts/get/main.go:75.2,75.27 1 12
serverless-blog/go-functions/cmd/posts/get/main.go:75.27,77.3 1 4
serverless-blog/go-functions/cmd/posts/get/main.go:80.2,81.72 2 8
serverless-blog/go-functions/cmd/posts/get/main.go:81.72,83.3 1 1
serverless-blog/go-functions/cmd/posts/get/main.go:88.2,88.43 1 7
serverless-blog/go-functions/cmd/posts/get/main.go:93.73,95.46 1 35
serverless-blog/go-functions/cmd/posts/get/main.go:95.46,97.3 1 4
serverless-blog/go-functions/cmd/posts/get/main.go:100.2,101.26 2 31
serverless-blog/go-functions/cmd/posts/get/main.go:101.26,103.3 1 2
serverless-blog/go-functions/cmd/posts/get/main.go:106.2,107.9 2 29
serverless-blog/go-functions/cmd/posts/get/main.go:107.9,109.3 1 1
serverless-blog/go-functions/cmd/posts/get/main.go:112.2,113.9 2 28
serverless-blog/go-functions/cmd/posts/get/main.go:113.9,115.3 1 4
serverless-blog/go-functions/cmd/posts/get/main.go:118.2,119.25 2 24
serverless-blog/go-functions/cmd/posts/get/main.go:119.25,121.3 1 2
serverless-blog/go-functions/cmd/posts/get/main.go:123.2,123.15 1 22
serverless-blog/go-functions/cmd/posts/get/main.go:127.92,129.2 1 28
serverless-blog/go-functions/cmd/posts/get/main.go:131.13,133.2 1 0
serverless-blog/go-functions/cmd/posts/delete/main.go:43.66,45.2 1 0
serverless-blog/go-functions/cmd/posts/delete/main.go:49.56,51.2 1 0
serverless-blog/go-functions/cmd/posts/delete/main.go:54.114,57.18 2 26
serverless-blog/go-functions/cmd/posts/delete/main.go:57.18,59.3 1 9
serverless-blog/go-functions/cmd/posts/delete/main.go:62.2,63.18 2 17
serverless-blog/go-functions/cmd/posts/delete/main.go:63.18,65.3 1 2
serverless-blog/go-functions/cmd/posts/delete/main.go:68.2,69.21 2 15
serverless-blog/go-functions/cmd/posts/delete/main.go:69.21,71.3 1 1
serverless-blog/go-functions/cmd/posts/delete/main.go:74.2,75.16 2 14
serverless-blog/go-functions/cmd/posts/delete/main.go:75.16,77.3 1 1
serverless-blog/go-functions/cmd/posts/delete/main.go:80.2,88.16 3 13
serverless-blog/go-functions/cmd/posts/delete/main.go:88.16,90.3 1 1
serverless-blog/go-functions/cmd/posts/delete/main.go:93.2,93.27 1 12
serverless-blog/go-functions/cmd/posts/delete/main.go:93.27,95.3 1 2
serverless-blog/go-functions/cmd/posts/delete/main.go:98.2,99.98 2 10
serverless-blog/go-functions/cmd/posts/delete/main.go:99.98,101.3 1 1
serverless-blog/go-functions/cmd/posts/delete/main.go:104.2,104.37 1 9
serverless-blog/go-functions/cmd/posts/delete/main.go:104.37,107.23 2 5
serverless-blog/go-functions/cmd/posts/delete/main.go:107.23,109.4 1 1
serverless-blog/go-functions/cmd/posts/delete/main.go:112.3,113.19 2 4
serverless-blog/go-functions/cmd/posts/delete/main.go:113.19,115.4 1 1
serverless-blog/go-functions/cmd/posts/delete/main.go:118.3,119.51 2 3
serverless-blog/go-functions/cmd/posts/delete/main.go:119.51,124.4 2 7
serverless-blog/go-functions/cmd/posts/delete/main.go:127.3,135.87 2 3
serverless-blog/go-functions/cmd/posts/delete/main.go:135.87,137.4 1 1
serverless-blog/go-functions/cmd/posts/delete/main.go:141.2,149.16 3 6
serverless-blog/go-functions/cmd/posts/delete/main.go:149.16,151.3 1 1
serverless-blog/go-functions/cmd/posts/delete/main.go:154.2,158.8 1 5
serverless-blog/go-functions/cmd/posts/delete/main.go:163.50,165.42 2 11
serverless-blog/go-functions/cmd/posts/delete/main.go:165.42,168.3 1 1
serverless-blog/go-functions/cmd/posts/delete/main.go:171.2,171.48 1 10
serverless-blog/go-functions/cmd/posts/delete/main.go:176.73,178.46 1 26
serverless-blog/go-functions/cmd/posts/delete/main.go:178.46,180.3 1 2
serverless-blog/go-functions/cmd/posts/delete/main.go:183.2,184.26 2 24
serverless-blog/go-functions/cmd/posts/delete/main.go:184.26,186.3 1 2
serverless-blog/go-functions/cmd/posts/delete/main.go:189.2,190.9 2 22
serverless-blog/go-functions/cmd/posts/delete/main.go:190.9,192.3 1 1
serverless-blog/go-functions/cmd/posts/delete/main.go:195.2,196.9 2 21
serverless-blog/go-functions/cmd/posts/delete/main.go:196.9,198.3 1 2
serverless-blog/go-functions/cmd/posts/delete/main.go:201.2,202.25 2 19
serverless-blog/go-functions/cmd/posts/delete/main.go:202.25,204.3 1 2
serverless-blog/go-functions/cmd/posts/delete/main.go:206.2,206.15 1 17
serverless-blog/go-functions/cmd/posts/delete/main.go:210.92,212.2 1 21
serverless-blog/go-functions/cmd/posts/delete/main.go:215.28,217.2 1 3
serverless-blog/go-functions/cmd/posts/delete/main.go:219.13,221.2 1 0
serverless-blog/go-functions/cmd/posts/get_public/main.go:31.66,33.2 1 0
serverless-blog/go-functions/cmd/posts/get_public/main.go:36.114,39.18 2 23
serverless-blog/go-functions/cmd/posts/get_public/main.go:39.18,41.3 1 6
serverless-blog/go-functions/cmd/posts/get_public/main.go:44.2,45.21 2 17
serverless-blog/go-functions/cmd/posts/get_public/main.go:45.21,47.3 1 1
serverless-blog/go-functions/cmd/posts/get_public/main.go:50.2,51.16 2 16
serverless-blog/go-functions/cmd/posts/get_public/main.go:51.16,53.3 1 1
serverless-blog/go-functions/cmd/posts/get_public/main.go:56.2,64.16 3 15
serverless-blog/go-functions/cmd/posts/get_public/main.go:64.16,66.3 1 2
serverless-blog/go-functions/cmd/posts/get_public/main.go:69.2,69.27 1 13
serverless-blog/go-functions/cmd/posts/get_public/main.go:69.27,71.3 1 4
serverless-blog/go-functions/cmd/posts/get_public/main.go:74.2,75.72 2 9
serverless-blog/go-functions/cmd/posts/get_public/main.go:75.72,77.3 1 1
serverless-blog/go-functions/cmd/posts/get_public/main.go:80.2,80.57 1 8
serverless-blog/go-functions/cmd/posts/get_public/main.go:80.57,82.3 1 2
serverless-blog/go-functions/cmd/posts/get_public/main.go:84.2,84.43 1 6
serverless-blog/go-functions/cmd/posts/get_public/main.go:88.92,90.2 1 17
serverless-blog/go-functions/cmd/posts/get_public/main.go:92.13,94.2 1 0
serverless-blog/go-functions/cmd/auth/refresh/main.go:32.66,34.2 1 1
serverless-blog/go-functions/cmd/auth/refresh/main.go:37.114,39.24 1 13
serverless-blog/go-functions/cmd/auth/refresh/main.go:39.24,41.3 1 2
serverless-blog/go-functions/cmd/auth/refresh/main.go:44.2,45.74 2 11
serverless-blog/go-functions/cmd/auth/refresh/main.go:45.74,47.3 1 1
serverless-blog/go-functions/cmd/auth/refresh/main.go:50.2,50.46 1 10
serverless-blog/go-functions/cmd/auth/refresh/main.go:50.46,52.3 1 2
serverless-blog/go-functions/cmd/auth/refresh/main.go:55.2,56.20 2 8
serverless-blog/go-functions/cmd/auth/refresh/main.go:56.20,58.3 1 1
serverless-blog/go-functions/cmd/auth/refresh/main.go:61.2,62.16 2 7
serverless-blog/go-functions/cmd/auth/refresh/main.go:62.16,64.3 1 1
serverless-blog/go-functions/cmd/auth/refresh/main.go:67.2,76.16 3 6
serverless-blog/go-functions/cmd/auth/refresh/main.go:76.16,78.3 1 4
serverless-blog/go-functions/cmd/auth/refresh/main.go:81.2,81.44 1 2
serverless-blog/go-functions/cmd/auth/refresh/main.go:81.44,83.3 1 1
serverless-blog/go-functions/cmd/auth/refresh/main.go:87.2,93.48 2 1
serverless-blog/go-functions/cmd/auth/refresh/main.go:97.92,99.2 1 12
serverless-blog/go-functions/cmd/auth/refresh/main.go:102.76,105.33 2 4
serverless-blog/go-functions/cmd/auth/refresh/main.go:105.33,107.3 1 2
serverless-blog/go-functions/cmd/auth/refresh/main.go:110.2,110.51 1 2
serverless-blog/go-functions/cmd/auth/refresh/main.go:113.13,115.2 1 0
serverless-blog/go-functions/cmd/posts/list/main.go:43.66,45.2 1 0
serverless-blog/go-functions/cmd/posts/list/main.go:69.114,72.21 2 33
serverless-blog/go-functions/cmd/posts/list/main.go:72.21,74.3 1 1
serverless-blog/go-functions/cmd/posts/list/main.go:77.2,78.16 2 32
serverless-blog/go-functions/cmd/posts/list/main.go:78.16,80.3 1 1
serverless-blog/go-functions/cmd/posts/list/main.go:83.2,84.24 2 31
serverless-blog/go-functions/cmd/posts/list/main.go:84.24,86.3 1 1
serverless-blog/go-functions/cmd/posts/list/main.go:89.2,102.16 6 31
serverless-blog/go-functions/cmd/posts/list/main.go:102.16,104.3 1 1
serverless-blog/go-functions/cmd/posts/list/main.go:107.2,111.36 3 30
serverless-blog/go-functions/cmd/posts/list/main.go:111.36,114.3 2 2
serverless-blog/go-functions/cmd/posts/list/main.go:117.2,122.47 2 30
serverless-blog/go-functions/cmd/posts/list/main.go:126.42,127.22 1 31
serverless-blog/go-functions/cmd/posts/list/main.go:127.22,129.3 1 22
serverless-blog/go-functions/cmd/posts/list/main.go:131.2,132.56 2 9
serverless-blog/go-functions/cmd/posts/list/main.go:132.56,134.3 1 4
serverless-blog/go-functions/cmd/posts/list/main.go:136.2,136.21 1 5
serverless-blog/go-functions/cmd/posts/list/main.go:140.71,141.21 1 31
serverless-blog/go-functions/cmd/posts/list/main.go:141.21,143.3 1 26
serverless-blog/go-functions/cmd/posts/list/main.go:146.2,147.16 2 5
serverless-blog/go-functions/cmd/posts/list/main.go:147.16,149.3 1 2
serverless-blog/go-functions/cmd/posts/list/main.go:152.2,153.57 2 3
serverless-blog/go-functions/cmd/posts/list/main.go:153.57,155.3 1 1
serverless-blog/go-functions/cmd/posts/list/main.go:158.2,159.27 2 2
serverless-blog/go-functions/cmd/posts/list/main.go:159.27,160.35 1 5
serverless-blog/go-functions/cmd/posts/list/main.go:160.35,162.4 1 3
serverless-blog/go-functions/cmd/posts/list/main.go:165.2,165.33 1 2
serverless-blog/go-functions/cmd/posts/list/main.go:165.33,167.3 1 1
serverless-blog/go-functions/cmd/posts/list/main.go:169.2,169.26 1 1
serverless-blog/go-functions/cmd/posts/list/main.go:173.142,180.20 2 31
serverless-blog/go-functions/cmd/posts/list/main.go:180.20,189.3 4 4
serverless-blog/go-functions/cmd/posts/list/main.go:189.8,196.3 3 27
serverless-blog/go-functions/cmd/posts/list/main.go:198.2,198.30 1 31
serverless-blog/go-functions/cmd/posts/list/main.go:198.30,200.3 1 1
serverless-blog/go-functions/cmd/posts/list/main.go:202.2,202.19 1 31
serverless-blog/go-functions/cmd/posts/list/main.go:206.86,209.29 2 30
serverless-blog/go-functions/cmd/posts/list/main.go:209.29,211.66 2 7
serverless-blog/go-functions/cmd/posts/list/main.go:211.66,212.12 1 1
serverless-blog/go-functions/cmd/posts/list/main.go:216.3,231.31 2 6
serverless-blog/go-functions/cmd/posts/list/main.go:231.31,233.4 1 1
serverless-blog/go-functions/cmd/posts/list/main.go:234.3,234.36 1 6
serverless-blog/go-functions/cmd/posts/list/main.go:234.36,236.4 1 1
serverless-blog/go-functions/cmd/posts/list/main.go:238.3,238.40 1 6
serverless-blog/go-functions/cmd/posts/list/main.go:241.2,241.15 1 30
serverless-blog/go-functions/cmd/posts/list/main.go:245.72,248.28 2 2
serverless-blog/go-functions/cmd/posts/list/main.go:248.28,249.52 1 6
serverless-blog/go-functions/cmd/posts/list/main.go:249.52,251.4 1 5
serverless-blog/go-functions/cmd/posts/list/main.go:254.2,255.16 2 2
serverless-blog/go-functions/cmd/posts/list/main.go:255.16,257.3 1 0
serverless-blog/go-functions/cmd/posts/list/main.go:259.2,259.53 1 2
serverless-blog/go-functions/cmd/posts/list/main.go:263.92,265.2 1 3
serverless-blog/go-functions/cmd/posts/list/main.go:267.13,269.2 1 0
serverless-blog/go-functions/internal/clients/clients.go:31.20,33.16 2 14
serverless-blog/go-functions/internal/clients/clients.go:33.16,36.3 2 0
serverless-blog/go-functions/internal/clients/clients.go:39.2,40.64 2 14
serverless-blog/go-functions/internal/clients/clients.go:40.64,41.61 1 1
serverless-blog/go-functions/internal/clients/clients.go:41.61,43.4 1 1
serverless-blog/go-functions/internal/clients/clients.go:45.2,49.58 3 14
serverless-blog/go-functions/internal/clients/clients.go:49.58,50.47 1 1
serverless-blog/go-functions/internal/clients/clients.go:50.47,53.4 2 1
serverless-blog/go-functions/internal/clients/clients.go:55.2,62.63 4 14
serverless-blog/go-functions/internal/clients/clients.go:62.63,63.78 1 1
serverless-blog/go-functions/internal/clients/clients.go:63.78,65.4 1 1
serverless-blog/go-functions/internal/clients/clients.go:67.2,67.76 1 14
serverless-blog/go-functions/internal/clients/clients.go:71.46,73.20 2 14
serverless-blog/go-functions/internal/clients/clients.go:73.20,75.3 1 1
serverless-blog/go-functions/internal/clients/clients.go:76.2,76.26 1 13
serverless-blog/go-functions/internal/clients/clients.go:80.34,82.20 2 13
serverless-blog/go-functions/internal/clients/clients.go:82.20,84.3 1 1
serverless-blog/go-functions/internal/clients/clients.go:85.2,85.22 1 12
serverless-blog/go-functions/internal/clients/clients.go:89.60,91.20 2 13
serverless-blog/go-functions/internal/clients/clients.go:91.20,93.3 1 1
serverless-blog/go-functions/internal/clients/clients.go:94.2,94.27 1 12
serverless-blog/go-functions/internal/clients/clients.go:98.52,100.20 2 12
serverless-blog/go-functions/internal/clients/clients.go:100.20,102.3 1 1
serverless-blog/go-functions/internal/clients/clients.go:103.2,103.27 1 11
serverless-blog/go-functions/internal/clients/clients.go:108.24,115.2 6 18
serverless-blog/go-functions/internal/clients/clients.go:119.40,120.17 1 4
serverless-blog/go-functions/internal/clients/clients.go:120.17,122.3 1 4
serverless-blog/go-functions/cmd/images/delete/main.go:37.56,39.2 1 0
serverless-blog/go-functions/cmd/images/delete/main.go:43.35,45.2 1 0
serverless-blog/go-functions/cmd/images/delete/main.go:48.114,51.18 2 26
serverless-blog/go-functions/cmd/images/delete/main.go:51.18,53.3 1 5
serverless-blog/go-functions/cmd/images/delete/main.go:56.2,57.15 2 21
serverless-blog/go-functions/cmd/images/delete/main.go:57.15,59.3 1 2
serverless-blog/go-functions/cmd/images/delete/main.go:62.2,63.16 2 19
serverless-blog/go-functions/cmd/images/delete/main.go:63.16,65.3 1 1
serverless-blog/go-functions/cmd/images/delete/main.go:68.2,68.33 1 18
serverless-blog/go-functions/cmd/images/delete/main.go:68.33,70.3 1 5
serverless-blog/go-functions/cmd/images/delete/main.go:73.2,73.40 1 13
serverless-blog/go-functions/cmd/images/delete/main.go:73.40,75.3 1 4
serverless-blog/go-functions/cmd/images/delete/main.go:78.2,79.22 2 9
serverless-blog/go-functions/cmd/images/delete/main.go:79.22,81.3 1 1
serverless-blog/go-functions/cmd/images/delete/main.go:84.2,85.16 2 8
serverless-blog/go-functions/cmd/images/delete/main.go:85.16,87.3 1 1
serverless-blog/go-functions/cmd/images/delete/main.go:90.2,94.16 2 7
serverless-blog/go-functions/cmd/images/delete/main.go:94.16,96.3 1 1
serverless-blog/go-functions/cmd/images/delete/main.go:99.2,99.28 1 6
serverless-blog/go-functions/cmd/images/delete/main.go:103.66,104.46 1 32
serverless-blog/go-functions/cmd/images/delete/main.go:104.46,106.3 1 5
serverless-blog/go-functions/cmd/images/delete/main.go:108.2,109.9 2 27
serverless-blog/go-functions/cmd/images/delete/main.go:109.9,111.3 1 1
serverless-blog/go-functions/cmd/images/delete/main.go:113.2,114.9 2 26
serverless-blog/go-functions/cmd/images/delete/main.go:114.9,116.3 1 1
serverless-blog/go-functions/cmd/images/delete/main.go:118.2,119.9 2 25
serverless-blog/go-functions/cmd/images/delete/main.go:119.9,121.3 1 2
serverless-blog/go-functions/cmd/images/delete/main.go:123.2,124.9 2 23
serverless-blog/go-functions/cmd/images/delete/main.go:124.9,126.3 1 1
serverless-blog/go-functions/cmd/images/delete/main.go:128.2,128.15 1 22
serverless-blog/go-functions/cmd/images/delete/main.go:132.39,134.2 1 26
serverless-blog/go-functions/cmd/images/delete/main.go:137.45,139.2 1 20
serverless-blog/go-functions/cmd/images/delete/main.go:142.92,144.2 1 20
serverless-blog/go-functions/cmd/images/delete/main.go:147.66,153.2 1 6
serverless-blog/go-functions/cmd/images/delete/main.go:155.13,157.2 1 0
serverless-blog/go-functions/cmd/posts/create/main.go:37.66,39.2 1 0
serverless-blog/go-functions/cmd/posts/create/main.go:43.57,45.2 1 0
serverless-blog/go-functions/cmd/posts/create/main.go:49.35,51.2 1 0
serverless-blog/go-functions/cmd/posts/create/main.go:54.114,57.20 2 33
serverless-blog/go-functions/cmd/posts/create/main.go:57.20,59.3 1 6
serverless-blog/go-functions/cmd/posts/create/main.go:62.2,63.67 2 27
serverless-blog/go-functions/cmd/posts/create/main.go:63.67,65.3 1 2
serverless-blog/go-functions/cmd/posts/create/main.go:68.2,68.39 1 25
serverless-blog/go-functions/cmd/posts/create/main.go:68.39,70.3 1 9
serverless-blog/go-functions/cmd/posts/create/main.go:73.2,74.21 2 16
serverless-blog/go-functions/cmd/posts/create/main.go:74.21,76.3 1 1
serverless-blog/go-functions/cmd/posts/create/main.go:79.2,80.16 2 15
serverless-blog/go-functions/cmd/posts/create/main.go:80.16,82.3 1 1
serverless-blog/go-functions/cmd/posts/create/main.go:85.2,86.16 2 14
serverless-blog/go-functions/cmd/posts/create/main.go:86.16,88.3 1 1
serverless-blog/go-functions/cmd/posts/create/main.go:91.2,97.85 5 13
serverless-blog/go-functions/cmd/posts/create/main.go:97.85,100.3 2 1
serverless-blog/go-functions/cmd/posts/create/main.go:103.2,104.17 2 13
serverless-blog/go-functions/cmd/posts/create/main.go:104.17,106.3 1 8
serverless-blog/go-functions/cmd/posts/create/main.go:107.2,108.22 2 13
serverless-blog/go-functions/cmd/posts/create/main.go:108.22,110.3 1 10
serverless-blog/go-functions/cmd/posts/create/main.go:113.2,130.16 3 13
serverless-blog/go-functions/cmd/posts/create/main.go:130.16,132.3 1 0
serverless-blog/go-functions/cmd/posts/create/main.go:135.2,141.16 3 13
serverless-blog/go-functions/cmd/posts/create/main.go:141.16,143.3 1 1
serverless-blog/go-functions/cmd/posts/create/main.go:146.2,146.43 1 12
serverless-blog/go-functions/cmd/posts/create/main.go:150.68,151.46 1 33
serverless-blog/go-functions/cmd/posts/create/main.go:151.46,153.3 1 2
serverless-blog/go-functions/cmd/posts/create/main.go:155.2,156.9 2 31
serverless-blog/go-functions/cmd/posts/create/main.go:156.9,158.3 1 1
serverless-blog/go-functions/cmd/posts/create/main.go:160.2,161.9 2 30
serverless-blog/go-functions/cmd/posts/create/main.go:161.9,163.3 1 1
serverless-blog/go-functions/cmd/posts/create/main.go:165.2,166.9 2 29
serverless-blog/go-functions/cmd/posts/create/main.go:166.9,168.3 1 1
serverless-blog/go-functions/cmd/posts/create/main.go:170.2,171.9 2 28
serverless-blog/go-functions/cmd/posts/create/main.go:171.9,173.3 1 1
serverless-blog/go-functions/cmd/posts/create/main.go:175.2,175.15 1 27
serverless-blog/go-functions/cmd/posts/create/main.go:179.92,181.2 1 21
serverless-blog/go-functions/cmd/posts/create/main.go:183.13,185.2 1 0
serverless-blog/go-functions/cmd/posts/update/main.go:38.66,40.2 1 0
serverless-blog/go-functions/cmd/posts/update/main.go:44.57,46.2 1 0
serverless-blog/go-functions/cmd/posts/update/main.go:49.114,52.18 2 36
serverless-blog/go-functions/cmd/posts/update/main.go:52.18,54.3 1 9
serverless-blog/go-functions/cmd/posts/update/main.go:57.2,58.18 2 27
serverless-blog/go-functions/cmd/posts/update/main.go:58.18,60.3 1 2
serverless-blog/go-functions/cmd/posts/update/main.go:63.2,63.24 1 25
serverless-blog/go-functions/cmd/posts/update/main.go:63.24,65.3 1 1
serverless-blog/go-functions/cmd/posts/update/main.go:68.2,69.67 2 24
serverless-blog/go-functions/cmd/posts/update/main.go:69.67,71.3 1 1
serverless-blog/go-functions/cmd/posts/update/main.go:74.2,75.21 2 23
serverless-blog/go-functions/cmd/posts/update/main.go:75.21,77.3 1 1
serverless-blog/go-functions/cmd/posts/update/main.go:80.2,81.16 2 22
serverless-blog/go-functions/cmd/posts/update/main.go:81.16,83.3 1 1
serverless-blog/go-functions/cmd/posts/update/main.go:86.2,94.16 3 21
serverless-blog/go-functions/cmd/posts/update/main.go:94.16,96.3 1 1
serverless-blog/go-functions/cmd/posts/update/main.go:99.2,99.27 1 20
serverless-blog/go-functions/cmd/posts/update/main.go:99.27,101.3 1 2
serverless-blog/go-functions/cmd/posts/update/main.go:104.2,105.80 2 18
serverless-blog/go-functions/cmd/posts/update/main.go:105.80,107.3 1 0
serverless-blog/go-functions/cmd/posts/update/main.go:110.2,110.52 1 18
serverless-blog/go-functions/cmd/posts/update/main.go:110.52,112.3 1 6
serverless-blog/go-functions/cmd/posts/update/main.go:115.2,118.32 2 12
serverless-blog/go-functions/cmd/posts/update/main.go:118.32,120.17 2 3
serverless-blog/go-functions/cmd/posts/update/main.go:120.17,122.4 1 1
serverless-blog/go-functions/cmd/posts/update/main.go:123.3,123.40 1 2
serverless-blog/go-functions/cmd/posts/update/main.go:127.2,127.85 1 11
serverless-blog/go-functions/cmd/posts/update/main.go:127.85,128.97 1 1
serverless-blog/go-functions/cmd/posts/update/main.go:128.97,131.4 2 1
serverless-blog/go-functions/cmd/posts/update/main.go:135.2,144.16 6 11
serverless-blog/go-functions/cmd/posts/update/main.go:144.16,146.3 1 0
serverless-blog/go-functions/cmd/posts/update/main.go:149.2,155.16 3 11
serverless-blog/go-functions/cmd/posts/update/main.go:155.16,157.3 1 1
serverless-blog/go-functions/cmd/posts/update/main.go:160.2,160.50 1 10
serverless-blog/go-functions/cmd/posts/update/main.go:164.65,166.61 1 18
serverless-blog/go-functions/cmd/posts/update/main.go:166.61,168.3 1 2
serverless-blog/go-functions/cmd/posts/update/main.go:171.2,171.81 1 16
serverless-blog/go-functions/cmd/posts/update/main.go:171.81,173.3 1 2
serverless-blog/go-functions/cmd/posts/update/main.go:176.2,176.67 1 14
serverless-blog/go-functions/cmd/posts/update/main.go:176.67,178.3 1 1
serverless-blog/go-functions/cmd/posts/update/main.go:181.2,181.30 1 13
serverless-blog/go-functions/cmd/posts/update/main.go:181.30,182.109 1 3
serverless-blog/go-functions/cmd/posts/update/main.go:182.109,184.4 1 1
serverless-blog/go-functions/cmd/posts/update/main.go:187.2,187.12 1 12
serverless-blog/go-functions/cmd/posts/update/main.go:191.93,195.22 2 12
serverless-blog/go-functions/cmd/posts/update/main.go:195.22,197.3 1 7
serverless-blog/go-functions/cmd/posts/update/main.go:200.2,200.32 1 12
serverless-blog/go-functions/cmd/posts/update/main.go:200.32,202.3 1 3
serverless-blog/go-functions/cmd/posts/update/main.go:205.2,205.25 1 12
serverless-blog/go-functions/cmd/posts/update/main.go:205.25,207.3 1 1
serverless-blog/go-functions/cmd/posts/update/main.go:210.2,210.21 1 12
serverless-blog/go-functions/cmd/posts/update/main.go:210.21,212.3 1 1
serverless-blog/go-functions/cmd/posts/update/main.go:215.2,215.26 1 12
serverless-blog/go-functions/cmd/posts/update/main.go:215.26,217.3 1 1
serverless-blog/go-functions/cmd/posts/update/main.go:220.2,220.30 1 12
serverless-blog/go-functions/cmd/posts/update/main.go:220.30,222.3 1 2
serverless-blog/go-functions/cmd/posts/update/main.go:224.2,224.16 1 12
serverless-blog/go-functions/cmd/posts/update/main.go:232.42,234.2 1 6
serverless-blog/go-functions/cmd/posts/update/main.go:238.73,240.46 1 36
serverless-blog/go-functions/cmd/posts/update/main.go:240.46,242.3 1 2
serverless-blog/go-functions/cmd/posts/update/main.go:245.2,246.26 2 34
serverless-blog/go-functions/cmd/posts/update/main.go:246.26,248.3 1 2
serverless-blog/go-functions/cmd/posts/update/main.go:251.2,252.9 2 32
serverless-blog/go-functions/cmd/posts/update/main.go:252.9,254.3 1 1
serverless-blog/go-functions/cmd/posts/update/main.go:257.2,258.9 2 31
serverless-blog/go-functions/cmd/posts/update/main.go:258.9,260.3 1 2
serverless-blog/go-functions/cmd/posts/update/main.go:263.2,264.25 2 29
serverless-blog/go-functions/cmd/posts/update/main.go:264.25,266.3 1 2
serverless-blog/go-functions/cmd/posts/update/main.go:268.2,268.15 1 27
serverless-blog/go-functions/cmd/posts/update/main.go:272.92,274.2 1 26
serverless-blog/go-functions/cmd/posts/update/main.go:276.13,278.2 1 0
