mode: atomic
serverless-blog/go-functions/cmd/posts/get/main.go:31.66,33.2 1 0
serverless-blog/go-functions/cmd/posts/get/main.go:36.114,39.18 2 35
serverless-blog/go-functions/cmd/posts/get/main.go:39.18,41.3 1 13
serverless-blog/go-functions/cmd/posts/get/main.go:44.2,45.18 2 22
serverless-blog/go-functions/cmd/posts/get/main.go:45.18,47.3 1 6
serverless-blog/go-functions/cmd/posts/get/main.go:50.2,51.21 2 16
serverless-blog/go-functions/cmd/posts/get/main.go:51.21,53.3 1 1
serverless-blog/go-functions/cmd/posts/get/main.go:56.2,57.16 2 15
serverless-blog/go-functions/cmd/posts/get/main.go:57.16,59.3 1 1
serverless-blog/go-functions/cmd/posts/get/main.go:62.2,70.16 3 14
serverless-blog/go-functions/cmd/posts/get/main.go:70.16,72.3 1 2
serverless-blog/go-functions/cmd/posts/get/main.go:75.2,75.27 1 12
serverless-blog/go-functions/cmd/posts/get/main.go:75.27,77.3 1 4
serverless-blog/go-functions/cmd/posts/get/main.go:80.2,81.72 2 8
serverless-blog/go-functions/cmd/posts/get/main.go:81.72,83.3 1 1
serverless-blog/go-functions/cmd/posts/get/main.go:88.2,88.43 1 7
serverless-blog/go-functions/cmd/posts/get/main.go:93.73,95.46 1 35
serverless-blog/go-functions/cmd/posts/get/main.go:95.46,97.3 1 4
serverless-blog/go-functions/cmd/posts/get/main.go:100.2,101.26 2 31
serverless-blog/go-functions/cmd/posts/get/main.go:101.26,103.3 1 2
serverless-blog/go-functions/cmd/posts/get/main.go:106.2,107.9 2 29
serverless-blog/go-functions/cmd/posts/get/main.go:107.9,109.3 1 1
serverless-blog/go-functions/cmd/posts/get/main.go:112.2,113.9 2 28
serverless-blog/go-functions/cmd/posts/get/main.go:113.9,115.3 1 4
serverless-blog/go-functions/cmd/posts/get/main.go:118.2,119.25 2 24
serverless-blog/go-functions/cmd/posts/get/main.go:119.25,121.3 1 2
serverless-blog/go-functions/cmd/posts/get/main.go:123.2,123.15 1 22
serverless-blog/go-functions/cmd/posts/get/main.go:127.92,129.2 1 28
serverless-blog/go-functions/cmd/posts/get/main.go:131.13,133.2 1 0
