mode: set
serverless-blog/go-functions/cmd/auth/refresh/main.go:32.66,34.2 1 1
serverless-blog/go-functions/cmd/auth/refresh/main.go:37.114,39.24 1 1
serverless-blog/go-functions/cmd/auth/refresh/main.go:39.24,41.3 1 1
serverless-blog/go-functions/cmd/auth/refresh/main.go:44.2,45.74 2 1
serverless-blog/go-functions/cmd/auth/refresh/main.go:45.74,47.3 1 1
serverless-blog/go-functions/cmd/auth/refresh/main.go:50.2,50.46 1 1
serverless-blog/go-functions/cmd/auth/refresh/main.go:50.46,52.3 1 1
serverless-blog/go-functions/cmd/auth/refresh/main.go:55.2,56.20 2 1
serverless-blog/go-functions/cmd/auth/refresh/main.go:56.20,58.3 1 1
serverless-blog/go-functions/cmd/auth/refresh/main.go:61.2,62.16 2 1
serverless-blog/go-functions/cmd/auth/refresh/main.go:62.16,64.3 1 1
serverless-blog/go-functions/cmd/auth/refresh/main.go:67.2,76.16 3 1
serverless-blog/go-functions/cmd/auth/refresh/main.go:76.16,78.3 1 1
serverless-blog/go-functions/cmd/auth/refresh/main.go:81.2,81.44 1 1
serverless-blog/go-functions/cmd/auth/refresh/main.go:81.44,83.3 1 1
serverless-blog/go-functions/cmd/auth/refresh/main.go:87.2,93.48 2 1
serverless-blog/go-functions/cmd/auth/refresh/main.go:97.92,99.2 1 1
serverless-blog/go-functions/cmd/auth/refresh/main.go:102.76,105.33 2 1
serverless-blog/go-functions/cmd/auth/refresh/main.go:105.33,107.3 1 1
serverless-blog/go-functions/cmd/auth/refresh/main.go:110.2,110.51 1 1
serverless-blog/go-functions/cmd/auth/refresh/main.go:113.13,115.2 1 0
