mode: atomic
serverless-blog/go-functions/internal/middleware/logging.go:62.50,64.2 1 1
serverless-blog/go-functions/internal/middleware/logging.go:67.73,69.2 1 15
serverless-blog/go-functions/internal/middleware/logging.go:72.99,80.61 5 19
serverless-blog/go-functions/internal/middleware/logging.go:80.61,82.31 1 118
serverless-blog/go-functions/internal/middleware/logging.go:82.31,84.5 1 4
serverless-blog/go-functions/internal/middleware/logging.go:85.4,85.12 1 114
serverless-blog/go-functions/internal/middleware/logging.go:89.2,96.36 3 19
serverless-blog/go-functions/internal/middleware/logging.go:100.103,108.61 5 2
serverless-blog/go-functions/internal/middleware/logging.go:108.61,109.31 1 15
serverless-blog/go-functions/internal/middleware/logging.go:109.31,111.5 1 1
serverless-blog/go-functions/internal/middleware/logging.go:112.4,112.12 1 14
serverless-blog/go-functions/internal/middleware/logging.go:116.2,124.36 3 2
serverless-blog/go-functions/internal/middleware/logging.go:128.55,130.2 1 1
serverless-blog/go-functions/internal/middleware/logging.go:133.78,137.50 2 3
serverless-blog/go-functions/internal/middleware/logging.go:137.50,139.3 1 1
serverless-blog/go-functions/internal/middleware/logging.go:142.2,144.51 2 3
serverless-blog/go-functions/internal/middleware/logging.go:148.52,150.2 1 15
serverless-blog/go-functions/internal/middleware/logging.go:153.53,155.2 1 2
serverless-blog/go-functions/internal/middleware/logging.go:158.52,160.2 1 1
serverless-blog/go-functions/internal/middleware/logging.go:163.53,165.2 1 1
serverless-blog/go-functions/internal/middleware/logging.go:168.47,170.2 1 1
serverless-blog/go-functions/internal/middleware/logging.go:173.40,176.2 2 144
serverless-blog/go-functions/internal/middleware/logging.go:179.44,180.20 1 20
serverless-blog/go-functions/internal/middleware/logging.go:180.20,182.3 1 12
serverless-blog/go-functions/internal/middleware/logging.go:184.2,188.40 3 8
serverless-blog/go-functions/internal/middleware/logging.go:188.40,189.40 1 11
serverless-blog/go-functions/internal/middleware/logging.go:189.40,190.29 1 11
serverless-blog/go-functions/internal/middleware/logging.go:190.29,192.5 1 5
serverless-blog/go-functions/internal/middleware/logging.go:196.2,196.15 1 8
serverless-blog/go-functions/internal/middleware/logging.go:200.28,204.2 3 4
serverless-blog/go-functions/internal/middleware/middleware.go:11.38,18.2 1 0
serverless-blog/go-functions/internal/middleware/middleware.go:21.93,23.16 2 0
serverless-blog/go-functions/internal/middleware/middleware.go:23.16,29.3 1 0
serverless-blog/go-functions/internal/middleware/middleware.go:31.2,35.8 1 0
serverless-blog/go-functions/internal/middleware/middleware.go:39.92,41.2 1 0
serverless-blog/go-functions/internal/middleware/tracing.go:91.43,92.23 1 4
serverless-blog/go-functions/internal/middleware/tracing.go:92.23,94.3 1 2
serverless-blog/go-functions/internal/middleware/tracing.go:98.2,103.3 2 4
serverless-blog/go-functions/internal/middleware/tracing.go:107.74,108.23 1 25
serverless-blog/go-functions/internal/middleware/tracing.go:108.23,110.3 1 1
serverless-blog/go-functions/internal/middleware/tracing.go:112.2,115.3 1 25
serverless-blog/go-functions/internal/middleware/tracing.go:119.39,123.2 3 2
serverless-blog/go-functions/internal/middleware/tracing.go:126.43,128.2 1 3
serverless-blog/go-functions/internal/middleware/tracing.go:131.99,132.16 1 17
serverless-blog/go-functions/internal/middleware/tracing.go:132.16,134.3 1 5
serverless-blog/go-functions/internal/middleware/tracing.go:138.2,142.17 2 12
serverless-blog/go-functions/internal/middleware/tracing.go:146.49,147.16 1 2
serverless-blog/go-functions/internal/middleware/tracing.go:147.16,149.3 1 1
serverless-blog/go-functions/internal/middleware/tracing.go:150.2,150.16 1 1
serverless-blog/go-functions/internal/middleware/tracing.go:154.68,155.16 1 2
serverless-blog/go-functions/internal/middleware/tracing.go:155.16,157.3 1 1
serverless-blog/go-functions/internal/middleware/tracing.go:163.78,164.16 1 7
serverless-blog/go-functions/internal/middleware/tracing.go:164.16,166.3 1 1
serverless-blog/go-functions/internal/middleware/tracing.go:172.82,173.16 1 5
serverless-blog/go-functions/internal/middleware/tracing.go:173.16,175.3 1 0
serverless-blog/go-functions/internal/middleware/tracing.go:178.2,178.49 1 5
serverless-blog/go-functions/internal/middleware/tracing.go:178.49,182.3 3 2
serverless-blog/go-functions/internal/middleware/tracing.go:184.2,184.32 1 3
serverless-blog/go-functions/internal/middleware/tracing.go:188.55,189.30 1 3
serverless-blog/go-functions/internal/middleware/tracing.go:189.30,191.3 1 2
serverless-blog/go-functions/internal/middleware/tracing.go:193.2,193.16 1 1
serverless-blog/go-functions/internal/middleware/tracing.go:197.61,200.19 2 3
serverless-blog/go-functions/internal/middleware/tracing.go:200.19,203.30 2 2
serverless-blog/go-functions/internal/middleware/tracing.go:203.30,204.40 1 3
serverless-blog/go-functions/internal/middleware/tracing.go:204.40,206.5 1 1
serverless-blog/go-functions/internal/middleware/tracing.go:209.2,209.11 1 2
serverless-blog/go-functions/internal/middleware/tracing.go:213.73,214.16 1 2
serverless-blog/go-functions/internal/middleware/tracing.go:214.16,217.3 1 1
serverless-blog/go-functions/internal/middleware/tracing.go:223.2,223.15 1 1
serverless-blog/go-functions/internal/middleware/tracing.go:227.37,229.2 1 2
serverless-blog/go-functions/internal/middleware/tracing.go:232.41,235.2 0 4
serverless-blog/go-functions/internal/middleware/tracing.go:238.78,240.31 2 2
serverless-blog/go-functions/internal/middleware/tracing.go:240.31,242.41 2 13
serverless-blog/go-functions/internal/middleware/tracing.go:242.41,244.4 1 11
serverless-blog/go-functions/internal/middleware/tracing.go:244.9,246.4 1 2
serverless-blog/go-functions/internal/middleware/tracing.go:248.2,248.15 1 2
